<?xml version="1.0" encoding="UTF-8" ?>
<testsuite tests="6" failures="0" name="com.cBudget.controller.utils.DropDownsUtilTest" time="0" errors="0" skipped="0">
  <properties>
[...]
</properties>
  <testcase classname="com.cBudget.controller.utils.DropDownsUtilTest" name="testContainsMultipleWordsShouldBeTrue" time="0"/>
  <testcase classname="com.cBudget.controller.utils.DropDownsUtilTest" name="testContainsMultipleWordsShouldBeFalse" time="0"/>
  <testcase classname="com.cBudget.controller.utils.DropDownsUtilTest" name="testGetInCapAndLowercaseWorksForAllUppercase" time="0"/>
  <testcase classname="com.cBudget.controller.utils.DropDownsUtilTest" name="testCapitaliseFirstLetterWorksForAnUpperCaseFirstLetter" time="0"/>
  <testcase classname="com.cBudget.controller.utils.DropDownsUtilTest" name="testGetInCapAndLowercaseWorksForUperAndLowercases" time="0"/>
  <testcase classname="com.cBudget.controller.utils.DropDownsUtilTest" name="testCapitaliseFirstLetterWorksForALowerCaseFirstLetter" time="0"/>
</testsuite>